build/app/intermediates/proguard-rules/release/aapt_rules.txt
# Referenced at merged_manifests\release\AndroidManifest.xml:29
-keep class androidx.core.app.CoreComponentFactory { <init>(); }
# Referenced at merged_manifests\release\AndroidManifest.xml:194
-keep class com.amazonaws.mobile.auth.userpools.ForceChangePasswordActivity { <init>(); }
# Referenced at merged_manifests\release\AndroidManifest.xml:199
-keep class com.amazonaws.mobile.auth.userpools.ForgotPasswordActivity { <init>(); }
# Referenced at merged_manifests\release\AndroidManifest.xml:209
-keep class com.amazonaws.mobile.auth.userpools.MFAActivity { <init>(); }
# Referenced at merged_manifests\release\AndroidManifest.xml:204
-keep class com.amazonaws.mobile.auth.userpools.SignUpActivity { <init>(); }
# Referenced at merged_manifests\release\AndroidManifest.xml:214
-keep class com.amazonaws.mobile.auth.userpools.SignUpConfirmActivity { <init>(); }
# Referenced at merged_manifests\release\AndroidManifest.xml:36
-keep class com.example.namma_badavane.MainActivity { <init>(); }
# Referenced at merged_manifests\release\AndroidManifest.xml:177
-keep class com.google.android.datatransport.runtime.backends.TransportBackendDiscovery { <init>(); }
# Referenced at merged_manifests\release\AndroidManifest.xml:190
-keep class com.google.android.datatransport.runtime.scheduling.jobscheduling.AlarmManagerSchedulerBroadcastReceiver { <init>(); }
# Referenced at merged_manifests\release\AndroidManifest.xml:184
-keep class com.google.android.datatransport.runtime.scheduling.jobscheduling.JobInfoSchedulerService { <init>(); }
# Referenced at merged_manifests\release\AndroidManifest.xml:161
-keep class com.google.android.gms.common.api.GoogleApiActivity { <init>(); }
# Referenced at merged_manifests\release\AndroidManifest.xml:134
-keep class com.google.android.gms.measurement.AppMeasurementJobService { <init>(); }
# Referenced at merged_manifests\release\AndroidManifest.xml:124
-keep class com.google.android.gms.measurement.AppMeasurementReceiver { <init>(); }
# Referenced at merged_manifests\release\AndroidManifest.xml:130
-keep class com.google.android.gms.measurement.AppMeasurementService { <init>(); }
# Referenced at merged_manifests\release\AndroidManifest.xml:93
-keep class com.google.firebase.components.ComponentDiscoveryService { <init>(); }
# Referenced at merged_manifests\release\AndroidManifest.xml:152
-keep class com.google.firebase.iid.FirebaseInstanceIdReceiver { <init>(); }
# Referenced at merged_manifests\release\AndroidManifest.xml:143
-keep class com.google.firebase.messaging.FirebaseMessagingService { <init>(); }
# Referenced at merged_manifests\release\AndroidManifest.xml:166
-keep class com.google.firebase.provider.FirebaseInitProvider { <init>(); }
# Referenced at merged_manifests\release\AndroidManifest.xml:29
-keep class io.flutter.app.FlutterApplication { <init>(); }
# Referenced at merged_manifests\release\AndroidManifest.xml:88
-keep class io.flutter.plugins.firebasemessaging.FlutterFirebaseMessagingService { <init>(); }
# Referenced at merged_manifests\release\AndroidManifest.xml:78
-keep class io.flutter.plugins.imagepicker.ImagePickerFileProvider { <init>(); }
# Referenced at res\layout\activity_force_change_password.xml:13
-keep class com.amazonaws.mobile.auth.userpools.ForceChangePasswordView { <init>(...); }

# Referenced at res\layout\activity_forgot_password.xml:13
-keep class com.amazonaws.mobile.auth.userpools.ForgotPasswordView { <init>(...); }

# Referenced at res\layout\activity_sign_up_confirm.xml:45
# Referenced at res\layout\activity_sign_up.xml:31
# Referenced at res\layout\activity_mfa.xml:36
# Referenced at res\layout\activity_forgot_password.xml:36
# Referenced at res\layout\activity_force_change_password.xml:36
-keep class com.amazonaws.mobile.auth.userpools.FormView { <init>(...); }

# Referenced at res\layout\activity_mfa.xml:13
-keep class com.amazonaws.mobile.auth.userpools.MFAView { <init>(...); }

# Referenced at res\layout\activity_sign_up_confirm.xml:12
-keep class com.amazonaws.mobile.auth.userpools.SignUpConfirmView { <init>(...); }

# Referenced at res\layout\activity_sign_up.xml:14
-keep class com.amazonaws.mobile.auth.userpools.SignUpView { <init>(...); }

# Referenced at res\layout\activity_sign_up_confirm.xml:52
-keepclassmembers class * { *** confirmAccount(android.view.View); }

# Referenced at res\layout\activity_force_change_password.xml:42
-keepclassmembers class * { *** forceChangePassword(android.view.View); }

# Referenced at res\layout\activity_forgot_password.xml:42
-keepclassmembers class * { *** forgotPassword(android.view.View); }

# Referenced at res\layout\activity_sign_up.xml:38
-keepclassmembers class * { *** signUp(android.view.View); }

# Referenced at res\layout\activity_mfa.xml:43
-keepclassmembers class * { *** verify(android.view.View); }