build/app/outputs/mapping/release/mapping.txt
# compiler: R8
# compiler_version: 1.5.64
# min_api: 16
# pg_map_id: 948c9e1
...
com.google.android.gms.internal.measurement.zzkt -> b.d.a.b.f.g.o9:
    com.google.android.gms.internal.measurement.zzkt zza -> b
    com.google.android.gms.internal.measurement.zzfo zzb -> a
    java.lang.Object zza() -> a
    com.google.android.gms.internal.measurement.zzku zzc() -> b
    boolean zzb() -> c
com.google.android.gms.internal.measurement.zzku -> b.d.a.b.f.g.p9:
    boolean zza() -> a
com.google.android.gms.internal.measurement.zzkv -> b.d.a.b.f.g.q9:
    com.google.android.gms.internal.measurement.zzfg zza -> a
    boolean zza() -> a
com.google.android.gms.internal.measurement.zzkw -> b.d.a.b.f.g.r9:
    com.google.android.gms.internal.measurement.zzkw zza -> b
    com.google.android.gms.internal.measurement.zzfo zzb -> a
    java.lang.Object zza() -> a
    com.google.android.gms.internal.measurement.zzkx zzd() -> b
    boolean zzb() -> c
    boolean zzc() -> d
com.google.android.gms.internal.measurement.zzkx -> b.d.a.b.f.g.s9:
    boolean zza() -> a
    boolean zzb() -> b
com.google.android.gms.internal.measurement.zzky -> b.d.a.b.f.g.t9:
    com.google.android.gms.internal.measurement.zzfg zza -> a
    boolean zza() -> a
    boolean zzb() -> b
com.google.android.gms.internal.measurement.zzkz -> b.d.a.b.f.g.u9:
    com.google.android.gms.internal.measurement.zzkz zza -> b
    com.google.android.gms.internal.measurement.zzfo zzb -> a
    long zzp() -> A
    long zzq() -> B
    long zzr() -> C
    long zzs() -> D
    long zzt() -> E
    long zzu() -> F
    long zzv() -> G
    long zzw() -> H
    long zzx() -> I
    long zzy() -> J
    long zzz() -> K
    java.lang.Object zza() -> a
    com.google.android.gms.internal.measurement.zzla zzK() -> b
    long zzA() -> c
    long zzB() -> d
    long zzC() -> e
    long zzD() -> f
    long zzE() -> g
    long zzF() -> h
    long zzG() -> i
    long zzH() -> j
    java.lang.String zzI() -> k
    long zzJ() -> l
    long zzb() -> m
    long zzc() -> n
    long zzd() -> o
    java.lang.String zze() -> p
    java.lang.String zzf() -> q
    long zzg() -> r
    long zzh() -> s
    long zzi() -> t
    long zzj() -> u
    long zzk() -> v
    long zzl() -> w
    long zzm() -> x
    long zzn() -> y
    long zzo() -> z
com.google.android.gms.internal.measurement.zzl -> b.d.a.b.f.g.v9:
com.google.android.gms.internal.measurement.zzla -> b.d.a.b.f.g.w9:
    long zzm() -> A
    long zzv() -> B
    long zzE() -> C
    long zzx() -> D
    long zzG() -> E
    long zzA() -> F
    long zzr() -> G
    long zzC() -> H
    long zzt() -> I
    long zza() -> a
    long zzb() -> b
    java.lang.String zze() -> c
    long zzc() -> d
    long zzh() -> e
    long zzi() -> f
    java.lang.String zzd() -> g
    long zzj() -> h
    long zzk() -> i
    long zzg() -> j
    long zzn() -> k
    long zzp() -> l
    long zzl() -> m
    long zzw() -> n
    long zzF() -> o
    long zzf() -> p
    long zzy() -> q
    java.lang.String zzH() -> r
    long zzB() -> s
    long zzs() -> t
    long zzu() -> u
    long zzD() -> v
    long zzo() -> w
    long zzq() -> x
    long zzz() -> y
    long zzI() -> z